
May 17, 2019 12:48:23.49 NEW SESSION
May 17, 2019 12:48:23.49 [15200:13228:0517/124823.484:ERROR:gcm_channel_status_request.cc(151)] GCM channel request failed.
May 17, 2019 12:48:52.73 [15200:13228:0517/124852.718:ERROR:gcm_channel_status_request.cc(151)] GCM channel request failed.
May 17, 2019 12:49:43.72 [15200:13228:0517/124943.700:ERROR:gcm_channel_status_request.cc(151)] GCM channel request failed.
May 17, 2019 12:51:34.40 [15200:13228:0517/125134.393:ERROR:gcm_channel_status_request.cc(151)] GCM channel request failed.
May 17, 2019 12:54:51.22 [15200:13228:0517/125451.193:ERROR:gcm_channel_status_request.cc(151)] GCM channel request failed.
May 17, 2019 13:02:31.47 [15200:13228:0517/130231.465:ERROR:gcm_channel_status_request.cc(151)] GCM channel request failed.
May 17, 2019 13:12:31.48 [15200:13228:0517/131231.476:ERROR:gcm_channel_status_request.cc(151)] GCM channel request failed.
May 17, 2019 13:39:11.14 [15200:13228:0517/133911.124:ERROR:gcm_channel_status_request.cc(151)] GCM channel request failed.
May 17, 2019 13:49:11.15 [15200:13228:0517/134911.148:ERROR:gcm_channel_status_request.cc(151)] GCM channel request failed.
May 17, 2019 13:59:11.16 [15200:13228:0517/135911.162:ERROR:gcm_channel_status_request.cc(151)] GCM channel request failed.
May 17, 2019 14:09:11.18 [15200:13228:0517/140911.180:ERROR:gcm_channel_status_request.cc(151)] GCM channel request failed.
May 17, 2019 14:19:11.19 [15200:13228:0517/141911.191:ERROR:gcm_channel_status_request.cc(151)] GCM channel request failed.
May 17, 2019 14:29:11.21 [15200:13228:0517/142911.209:ERROR:gcm_channel_status_request.cc(151)] GCM channel request failed.
May 17, 2019 14:39:11.22 [15200:13228:0517/143911.221:ERROR:gcm_channel_status_request.cc(151)] GCM channel request failed.
May 17, 2019 14:49:11.24 [15200:13228:0517/144911.238:ERROR:gcm_channel_status_request.cc(151)] GCM channel request failed.
May 17, 2019 14:59:11.25 [15200:13228:0517/145911.253:ERROR:gcm_channel_status_request.cc(151)] GCM channel request failed.
May 17, 2019 15:09:11.26 [15200:13228:0517/150911.261:ERROR:gcm_channel_status_request.cc(151)] GCM channel request failed.
May 17, 2019 15:19:11.28 [15200:13228:0517/151911.277:ERROR:gcm_channel_status_request.cc(151)] GCM channel request failed.
May 17, 2019 15:19:17.32 [15200:1908:0517/151917.240:ERROR:network_change_notifier_win.cc(156)] WSALookupServiceBegin failed with: 0
May 17, 2019 15:19:18.25 [15200:1908:0517/151918.250:ERROR:network_change_notifier_win.cc(156)] WSALookupServiceBegin failed with: 0
May 17, 2019 15:27:21.63 [15200:5924:0517/152721.621:ERROR:browser_process_sub_thread.cc(217)] Waited 268 ms for network service
May 17, 2019 15:27:40.16 [5312:14260:0517/152740.135:ERROR:network_change_notifier_win.cc(156)] WSALookupServiceBegin failed with: 0
May 17, 2019 15:33:52.46 [5312:17496:0517/153352.465:ERROR:component_installer.cc(125)] Move failed.: Access is denied. (0x5)
May 17, 2019 15:42:43.41 [5312:12228:0517/154243.374:ERROR:browser_process_sub_thread.cc(217)] Waited 190 ms for network service
May 17, 2019 15:42:48.33 [14216:11476:0517/154248.331:ERROR:network_change_notifier_win.cc(156)] WSALookupServiceBegin failed with: 0
May 17, 2019 15:55:29.79 [14216:5736:0517/155529.707:ERROR:network_change_notifier_win.cc(156)] WSALookupServiceBegin failed with: 0
May 17, 2019 15:55:30.74 [14216:5736:0517/155530.723:ERROR:network_change_notifier_win.cc(156)] WSALookupServiceBegin failed with: 0
May 17, 2019 15:56:26.97 [14216:5736:0517/155626.903:ERROR:network_change_notifier_win.cc(156)] WSALookupServiceBegin failed with: 0
May 17, 2019 15:56:37.68 [14216:5736:0517/155637.687:ERROR:network_change_notifier_win.cc(156)] WSALookupServiceBegin failed with: 0
May 17, 2019 15:56:38.69 [14216:5736:0517/155638.691:ERROR:network_change_notifier_win.cc(156)] WSALookupServiceBegin failed with: 0
May 17, 2019 15:56:59.51 [14216:5736:0517/155659.512:ERROR:network_change_notifier_win.cc(156)] WSALookupServiceBegin failed with: 0
May 17, 2019 15:57:04.17 [14216:5736:0517/155704.174:ERROR:network_change_notifier_win.cc(156)] WSALookupServiceBegin failed with: 0
May 17, 2019 15:57:06.73 [14216:5736:0517/155706.644:ERROR:network_change_notifier_win.cc(156)] WSALookupServiceBegin failed with: 0
May 17, 2019 15:57:07.65 [14216:5736:0517/155707.657:ERROR:network_change_notifier_win.cc(156)] WSALookupServiceBegin failed with: 0
May 17, 2019 15:59:34.48 [14216:5736:0517/155934.478:ERROR:network_change_notifier_win.cc(156)] WSALookupServiceBegin failed with: 0
May 17, 2019 16:00:00.67 [14216:5736:0517/160000.653:ERROR:network_change_notifier_win.cc(156)] WSALookupServiceBegin failed with: 0
May 17, 2019 16:00:03.69 [14216:5736:0517/160003.692:ERROR:network_change_notifier_win.cc(156)] WSALookupServiceBegin failed with: 0
May 17, 2019 16:00:04.72 [14216:5736:0517/160004.714:ERROR:network_change_notifier_win.cc(156)] WSALookupServiceBegin failed with: 0
May 17, 2019 16:21:07.64 [14216:5736:0517/162107.645:ERROR:network_change_notifier_win.cc(156)] WSALookupServiceBegin failed with: 0
May 17, 2019 16:27:54.63 [14216:5736:0517/162754.638:ERROR:network_change_notifier_win.cc(156)] WSALookupServiceBegin failed with: 0
May 17, 2019 16:27:55.65 [14216:5736:0517/162755.656:ERROR:network_change_notifier_win.cc(156)] WSALookupServiceBegin failed with: 0
May 17, 2019 16:28:04.57 [14216:5736:0517/162804.558:ERROR:network_change_notifier_win.cc(156)] WSALookupServiceBegin failed with: 0
May 17, 2019 16:29:26.65 [14216:5736:0517/162926.647:ERROR:network_change_notifier_win.cc(156)] WSALookupServiceBegin failed with: 0
May 17, 2019 16:29:27.69 [14216:5736:0517/162927.690:ERROR:network_change_notifier_win.cc(156)] WSALookupServiceBegin failed with: 0
May 17, 2019 16:36:47.57 [14216:5736:0517/163647.384:ERROR:network_change_notifier_win.cc(156)] WSALookupServiceBegin failed with: 0
May 17, 2019 16:37:17.63 [14216:5736:0517/163717.581:ERROR:network_change_notifier_win.cc(156)] WSALookupServiceBegin failed with: 0
May 17, 2019 16:37:18.60 [14216:5736:0517/163718.604:ERROR:network_change_notifier_win.cc(156)] WSALookupServiceBegin failed with: 0
May 17, 2019 18:11:39.16 [14216:11476:0517/181139.144:ERROR:textfield.cc(1773)] NOT IMPLEMENTED
May 17, 2019 18:53:27.09 [14216:244:0517/185327.090:ERROR:browser_process_sub_thread.cc(217)] Waited 377 ms for network service

May 18, 2019 11:57:00.42 NEW SESSION
May 18, 2019 11:57:00.42 [17404:14792:0518/115700.326:ERROR:gcm_channel_status_request.cc(151)] GCM channel request failed.
May 18, 2019 11:57:21.52 [17404:14792:0518/115721.508:ERROR:gcm_channel_status_request.cc(151)] GCM channel request failed.
May 18, 2019 11:58:08.23 [17404:14792:0518/115808.207:ERROR:gcm_channel_status_request.cc(151)] GCM channel request failed.
May 18, 2019 11:59:48.59 [17404:14792:0518/115948.568:ERROR:gcm_channel_status_request.cc(151)] GCM channel request failed.
May 18, 2019 12:00:28.62 [17404:17976:0518/120028.596:ERROR:network_change_notifier_win.cc(156)] WSALookupServiceBegin failed with: 0
May 18, 2019 12:00:28.83 [17404:17976:0518/120028.819:ERROR:network_change_notifier_win.cc(156)] WSALookupServiceBegin failed with: 0
May 18, 2019 12:00:29.82 [17404:17976:0518/120029.827:ERROR:network_change_notifier_win.cc(156)] WSALookupServiceBegin failed with: 0
May 18, 2019 12:00:31.95 [17404:17976:0518/120031.922:ERROR:network_change_notifier_win.cc(156)] WSALookupServiceBegin failed with: 0
May 18, 2019 12:00:32.94 [17404:17976:0518/120032.938:ERROR:network_change_notifier_win.cc(156)] WSALookupServiceBegin failed with: 0
May 18, 2019 12:02:05.25 [17404:1744:0518/120205.256:ERROR:component_installer.cc(125)] Move failed.: Access is denied. (0x5)
May 18, 2019 12:09:24.93 [17404:17976:0518/120924.933:ERROR:network_change_notifier_win.cc(156)] WSALookupServiceBegin failed with: 0
May 18, 2019 12:09:25.95 [17404:17976:0518/120925.950:ERROR:network_change_notifier_win.cc(156)] WSALookupServiceBegin failed with: 0
May 18, 2019 12:10:40.45 [17404:17976:0518/121040.444:ERROR:network_change_notifier_win.cc(156)] WSALookupServiceBegin failed with: 0
May 18, 2019 12:10:41.48 [17404:17976:0518/121041.451:ERROR:network_change_notifier_win.cc(156)] WSALookupServiceBegin failed with: 0
May 18, 2019 12:11:45.45 [17404:17976:0518/121145.452:ERROR:network_change_notifier_win.cc(156)] WSALookupServiceBegin failed with: 0
May 18, 2019 12:11:46.48 [17404:17976:0518/121146.451:ERROR:network_change_notifier_win.cc(156)] WSALookupServiceBegin failed with: 0
May 18, 2019 12:14:10.02 [17404:17976:0518/121409.964:ERROR:network_change_notifier_win.cc(156)] WSALookupServiceBegin failed with: 0
May 18, 2019 12:15:23.33 [17404:17976:0518/121523.335:ERROR:network_change_notifier_win.cc(156)] WSALookupServiceBegin failed with: 0
May 18, 2019 12:15:23.38 [17404:17976:0518/121523.387:ERROR:network_change_notifier_win.cc(156)] WSALookupServiceBegin failed with: 0
May 18, 2019 12:15:24.44 [17404:17976:0518/121524.406:ERROR:network_change_notifier_win.cc(156)] WSALookupServiceBegin failed with: 0
May 18, 2019 12:15:26.55 [17404:17976:0518/121526.505:ERROR:network_change_notifier_win.cc(156)] WSALookupServiceBegin failed with: 0
May 18, 2019 12:15:27.55 [17404:17976:0518/121527.524:ERROR:network_change_notifier_win.cc(156)] WSALookupServiceBegin failed with: 0
May 18, 2019 12:32:17.95 [17404:17976:0518/123217.956:ERROR:network_change_notifier_win.cc(156)] WSALookupServiceBegin failed with: 0
May 18, 2019 12:32:18.96 [17404:17976:0518/123218.968:ERROR:network_change_notifier_win.cc(156)] WSALookupServiceBegin failed with: 0
May 18, 2019 12:33:38.86 [17404:16568:0518/123338.864:ERROR:browser_process_sub_thread.cc(217)] Waited 265 ms for network service
May 18, 2019 18:33:55.06 [4132:9348:0518/183355.024:ERROR:network_change_notifier_win.cc(156)] WSALookupServiceBegin failed with: 0
May 18, 2019 18:40:09.45 [4132:9904:0518/184009.430:ERROR:component_installer.cc(125)] Move failed.: Access is denied. (0x5)
May 18, 2019 18:42:11.93 [4132:10760:0518/184211.931:ERROR:network_change_notifier_win.cc(156)] WSALookupServiceBegin failed with: 0
May 18, 2019 18:42:12.95 [4132:10760:0518/184212.952:ERROR:network_change_notifier_win.cc(156)] WSALookupServiceBegin failed with: 0
May 18, 2019 19:16:27.02 [4132:10760:0518/191627.022:ERROR:network_change_notifier_win.cc(156)] WSALookupServiceBegin failed with: 0
May 18, 2019 19:16:28.02 [4132:10760:0518/191628.028:ERROR:network_change_notifier_win.cc(156)] WSALookupServiceBegin failed with: 0
May 18, 2019 19:16:30.43 [4132:10760:0518/191630.438:ERROR:network_change_notifier_win.cc(156)] WSALookupServiceBegin failed with: 0
May 18, 2019 19:16:31.45 [4132:10760:0518/191631.453:ERROR:network_change_notifier_win.cc(156)] WSALookupServiceBegin failed with: 0
May 18, 2019 20:13:54.86 [4132:10760:0518/201354.861:ERROR:network_change_notifier_win.cc(156)] WSALookupServiceBegin failed with: 0
May 18, 2019 21:09:02.98 [4132:10760:0518/210902.935:ERROR:network_change_notifier_win.cc(156)] WSALookupServiceBegin failed with: 0
May 18, 2019 21:09:03.94 [4132:10760:0518/210903.938:ERROR:network_change_notifier_win.cc(156)] WSALookupServiceBegin failed with: 0
May 18, 2019 21:46:26.53 [4132:18356:0518/214626.481:ERROR:browser_process_sub_thread.cc(217)] Waited 579 ms for network service
May 18, 2019 22:15:08.24 [6708:10108:0518/221508.225:ERROR:network_change_notifier_win.cc(156)] WSALookupServiceBegin failed with: 0
May 18, 2019 22:21:18.40 [6708:6868:0518/222118.404:ERROR:component_installer.cc(125)] Move failed.: Access is denied. (0x5)
May 18, 2019 22:45:27.94 [6708:12092:0518/224527.940:ERROR:browser_process_sub_thread.cc(217)] Waited 502 ms for network service

May 19, 2019 10:24:13.55 NEW SESSION
May 19, 2019 10:24:13.55 [9924:15908:0519/102413.555:ERROR:network_change_notifier_win.cc(156)] WSALookupServiceBegin failed with: 0
May 19, 2019 14:20:04.57 [9924:15908:0519/142004.577:ERROR:gcm_channel_status_request.cc(151)] GCM channel request failed.
May 19, 2019 14:20:05.23 [9924:9464:0519/142005.229:ERROR:network_change_notifier_win.cc(156)] WSALookupServiceBegin failed with: 0
May 19, 2019 14:20:06.24 [9924:9464:0519/142006.247:ERROR:network_change_notifier_win.cc(156)] WSALookupServiceBegin failed with: 0
May 19, 2019 14:20:08.42 [9924:9464:0519/142008.422:ERROR:network_change_notifier_win.cc(156)] WSALookupServiceBegin failed with: 0
May 19, 2019 14:20:09.42 [9924:9464:0519/142009.427:ERROR:network_change_notifier_win.cc(156)] WSALookupServiceBegin failed with: 0

May 19, 2019 16:57:33.27 NEW SESSION
May 19, 2019 16:57:33.27 [8564:5632:0519/165733.198:ERROR:network_change_notifier_win.cc(156)] WSALookupServiceBegin failed with: 0
May 19, 2019 17:21:26.22 [8564:9356:0519/172126.169:ERROR:browser_process_sub_thread.cc(217)] Waited 41 ms for network service
May 19, 2019 17:22:41.78 [14888:10048:0519/172241.769:ERROR:network_change_notifier_win.cc(156)] WSALookupServiceBegin failed with: 0
May 19, 2019 19:24:04.33 [14888:10048:0519/192404.300:ERROR:gcm_channel_status_request.cc(151)] GCM channel request failed.
May 19, 2019 19:24:36.10 [14888:10048:0519/192436.084:ERROR:gcm_channel_status_request.cc(151)] GCM channel request failed.
May 19, 2019 19:25:41.58 [14888:10048:0519/192541.557:ERROR:gcm_channel_status_request.cc(151)] GCM channel request failed.
May 19, 2019 19:27:37.19 [14888:10048:0519/192737.193:ERROR:gcm_channel_status_request.cc(151)] GCM channel request failed.
May 19, 2019 19:31:41.18 [14888:10048:0519/193141.182:ERROR:gcm_channel_status_request.cc(151)] GCM channel request failed.
May 19, 2019 19:37:18.60 [14888:10048:0519/193718.597:ERROR:gcm_channel_status_request.cc(151)] GCM channel request failed.
May 19, 2019 19:45:44.46 [14888:14248:0519/194544.461:ERROR:network_change_notifier_win.cc(156)] WSALookupServiceBegin failed with: 0
May 19, 2019 19:45:45.46 [14888:14248:0519/194545.467:ERROR:network_change_notifier_win.cc(156)] WSALookupServiceBegin failed with: 0
May 19, 2019 21:11:41.13 [14888:10048:0519/211141.124:ERROR:gcm_channel_status_request.cc(151)] GCM channel request failed.
May 19, 2019 21:11:44.43 [14888:14248:0519/211144.430:ERROR:network_change_notifier_win.cc(156)] WSALookupServiceBegin failed with: 0
May 19, 2019 21:11:45.43 [14888:14248:0519/211145.433:ERROR:network_change_notifier_win.cc(156)] WSALookupServiceBegin failed with: 0
May 19, 2019 22:49:20.90 [14888:2480:0519/224920.905:ERROR:browser_process_sub_thread.cc(217)] Waited 246 ms for network service

May 19, 2019 22:52:38.67 NEW SESSION
May 19, 2019 22:52:38.68 [3096:1776:0519/225238.674:ERROR:network_change_notifier_win.cc(156)] WSALookupServiceBegin failed with: 0
May 19, 2019 23:18:01.16 [3096:7224:0519/231801.118:ERROR:browser_process_sub_thread.cc(217)] Waited 270 ms for network service

May 19, 2019 23:19:01.05 NEW SESSION
May 19, 2019 23:19:01.05 [17720:15264:0519/231901.032:ERROR:network_change_notifier_win.cc(156)] WSALookupServiceBegin failed with: 0

May 19, 2019 23:29:20.62 NEW SESSION
May 19, 2019 23:29:20.62 [18088:14092:0519/232920.604:ERROR:network_change_notifier_win.cc(156)] WSALookupServiceBegin failed with: 0
May 19, 2019 23:32:29.30 [18088:6032:0519/233229.295:ERROR:browser_process_sub_thread.cc(217)] Waited 46 ms for network service
May 19, 2019 23:33:11.81 [12500:14448:0519/233311.797:ERROR:network_change_notifier_win.cc(156)] WSALookupServiceBegin failed with: 0
May 19, 2019 23:52:36.44 [12500:7768:0519/235236.442:ERROR:browser_process_sub_thread.cc(217)] Waited 51 ms for network service

May 20, 2019 08:59:31.44 NEW SESSION
May 20, 2019 08:59:31.44 [9688:14568:0520/085931.435:ERROR:network_change_notifier_win.cc(156)] WSALookupServiceBegin failed with: 0
May 20, 2019 09:05:06.41 [9688:13320:0520/090506.392:ERROR:browser_process_sub_thread.cc(217)] Waited 172 ms for network service
May 20, 2019 09:05:59.96 [13864:10968:0520/090559.945:ERROR:network_change_notifier_win.cc(156)] WSALookupServiceBegin failed with: 0
May 20, 2019 09:06:42.58 [13864:13444:0520/090642.532:ERROR:browser_process_sub_thread.cc(217)] Waited 155 ms for network service

May 20, 2019 09:08:11.76 NEW SESSION
May 20, 2019 09:08:11.76 [17344:5044:0520/090811.742:ERROR:network_change_notifier_win.cc(156)] WSALookupServiceBegin failed with: 0
May 20, 2019 09:45:11.92 [17344:12948:0520/094511.908:ERROR:browser_process_sub_thread.cc(217)] Waited 551 ms for network service
May 20, 2019 09:45:20.51 [19204:15020:0520/094520.510:ERROR:network_change_notifier_win.cc(156)] WSALookupServiceBegin failed with: 0
May 20, 2019 11:07:04.81 [19204:13388:0520/110704.812:ERROR:network_change_notifier_win.cc(156)] WSALookupServiceBegin failed with: 0
May 20, 2019 11:15:45.07 [19204:13388:0520/111545.075:ERROR:network_change_notifier_win.cc(156)] WSALookupServiceBegin failed with: 0
May 20, 2019 11:15:46.07 [19204:13388:0520/111546.075:ERROR:network_change_notifier_win.cc(156)] WSALookupServiceBegin failed with: 0
May 20, 2019 13:27:35.48 [19204:13388:0520/132735.486:ERROR:network_change_notifier_win.cc(156)] WSALookupServiceBegin failed with: 0
May 20, 2019 13:40:21.12 [19204:13388:0520/134021.127:ERROR:network_change_notifier_win.cc(156)] WSALookupServiceBegin failed with: 0
May 20, 2019 13:40:22.14 [19204:13388:0520/134022.142:ERROR:network_change_notifier_win.cc(156)] WSALookupServiceBegin failed with: 0
May 20, 2019 14:28:15.84 [19204:13388:0520/142815.841:ERROR:network_change_notifier_win.cc(156)] WSALookupServiceBegin failed with: 0
May 20, 2019 14:28:16.84 [19204:13388:0520/142816.847:ERROR:network_change_notifier_win.cc(156)] WSALookupServiceBegin failed with: 0
May 20, 2019 14:54:18.25 [19204:15020:0520/145418.247:ERROR:CONSOLE(279)] "Failed to execute 'postMessage' on 'DOMWindow': The target origin provided ('https://www.logaster.com') does not match the recipient window's origin ('chrome-search://local-ntp').", source: chrome-search://most-visited/single.js (279)
May 20, 2019 16:19:44.71 [19204:13388:0520/161944.711:ERROR:network_change_notifier_win.cc(156)] WSALookupServiceBegin failed with: 0
May 20, 2019 16:21:56.25 [19204:13388:0520/162156.252:ERROR:network_change_notifier_win.cc(156)] WSALookupServiceBegin failed with: 0
May 20, 2019 16:21:57.26 [19204:13388:0520/162157.268:ERROR:network_change_notifier_win.cc(156)] WSALookupServiceBegin failed with: 0

May 20, 2019 17:52:30.89 NEW SESSION
May 20, 2019 17:52:30.89 [11520:21224:0520/175230.885:ERROR:network_change_notifier_win.cc(156)] WSALookupServiceBegin failed with: 0
May 20, 2019 18:44:20.43 [11520:10588:0520/184420.430:ERROR:browser_process_sub_thread.cc(217)] Waited 354 ms for network service
May 20, 2019 18:44:27.88 [19532:248:0520/184427.876:ERROR:network_change_notifier_win.cc(156)] WSALookupServiceBegin failed with: 0
May 20, 2019 18:44:45.48 [19532:7996:0520/184445.479:ERROR:browser_process_sub_thread.cc(217)] Waited 422 ms for network service
May 20, 2019 18:44:50.09 [19188:12804:0520/184450.082:ERROR:network_change_notifier_win.cc(156)] WSALookupServiceBegin failed with: 0
May 20, 2019 18:49:17.84 [19188:12464:0520/184917.773:ERROR:network_change_notifier_win.cc(156)] WSALookupServiceBegin failed with: 0
May 20, 2019 18:49:17.85 [19188:12464:0520/184917.791:ERROR:network_change_notifier_win.cc(156)] WSALookupServiceBegin failed with: 0
May 20, 2019 18:49:18.80 [19188:12464:0520/184918.799:ERROR:network_change_notifier_win.cc(156)] WSALookupServiceBegin failed with: 0
May 20, 2019 18:49:24.25 [19188:12464:0520/184924.256:ERROR:network_change_notifier_win.cc(156)] WSALookupServiceBegin failed with: 0
May 20, 2019 18:49:25.26 [19188:12464:0520/184925.259:ERROR:network_change_notifier_win.cc(156)] WSALookupServiceBegin failed with: 0
May 20, 2019 18:54:08.29 [19188:9848:0520/185408.293:ERROR:browser_process_sub_thread.cc(217)] Waited 145 ms for network service
May 20, 2019 18:54:15.12 [16924:18224:0520/185415.113:ERROR:network_change_notifier_win.cc(156)] WSALookupServiceBegin failed with: 0
May 20, 2019 19:09:25.44 [16924:9068:0520/190925.404:ERROR:browser_process_sub_thread.cc(217)] Waited 187 ms for network service

May 20, 2019 21:06:14.08 NEW SESSION
May 20, 2019 21:06:14.08 [17096:5356:0520/210614.069:ERROR:network_change_notifier_win.cc(156)] WSALookupServiceBegin failed with: 0
May 20, 2019 21:11:00.56 [17096:19716:0520/211100.556:ERROR:browser_process_sub_thread.cc(217)] Waited 211 ms for network service
May 20, 2019 21:11:13.68 [16836:13948:0520/211113.674:ERROR:network_change_notifier_win.cc(156)] WSALookupServiceBegin failed with: 0
May 20, 2019 21:56:57.11 [16836:12384:0520/215657.116:ERROR:browser_process_sub_thread.cc(217)] Waited 149 ms for network service
May 20, 2019 21:57:05.82 [21936:11664:0520/215705.826:ERROR:network_change_notifier_win.cc(156)] WSALookupServiceBegin failed with: 0
May 20, 2019 21:58:06.47 [21936:20412:0520/215806.474:ERROR:browser_process_sub_thread.cc(217)] Waited 148 ms for network service
May 20, 2019 21:58:11.25 [6128:20172:0520/215811.251:ERROR:network_change_notifier_win.cc(156)] WSALookupServiceBegin failed with: 0
May 20, 2019 22:00:13.29 [6128:11800:0520/220013.288:ERROR:browser_process_sub_thread.cc(217)] Waited 245 ms for network service
May 20, 2019 22:00:18.95 [21028:6916:0520/220018.956:ERROR:network_change_notifier_win.cc(156)] WSALookupServiceBegin failed with: 0
May 20, 2019 22:01:56.95 [21028:6808:0520/220156.941:ERROR:browser_process_sub_thread.cc(217)] Waited 316 ms for network service
May 20, 2019 22:02:01.87 [21236:12904:0520/220201.876:ERROR:network_change_notifier_win.cc(156)] WSALookupServiceBegin failed with: 0
May 20, 2019 22:06:54.30 [21236:17232:0520/220654.299:ERROR:browser_process_sub_thread.cc(217)] Waited 243 ms for network service
May 20, 2019 22:07:01.35 [6068:21404:0520/220701.339:ERROR:network_change_notifier_win.cc(156)] WSALookupServiceBegin failed with: 0
May 20, 2019 22:21:04.17 [6068:21340:0520/222104.163:ERROR:browser_process_sub_thread.cc(217)] Waited 368 ms for network service
May 20, 2019 22:21:09.53 [836:16272:0520/222109.527:ERROR:network_change_notifier_win.cc(156)] WSALookupServiceBegin failed with: 0
May 20, 2019 22:21:37.47 [836:4736:0520/222137.470:ERROR:browser_process_sub_thread.cc(217)] Waited 340 ms for network service
May 20, 2019 22:21:42.80 [16932:8636:0520/222142.794:ERROR:network_change_notifier_win.cc(156)] WSALookupServiceBegin failed with: 0
May 20, 2019 22:22:17.60 [16932:14136:0520/222217.592:ERROR:browser_process_sub_thread.cc(217)] Waited 171 ms for network service
May 20, 2019 22:22:23.07 [20188:14384:0520/222223.061:ERROR:network_change_notifier_win.cc(156)] WSALookupServiceBegin failed with: 0
May 20, 2019 22:23:57.42 [20188:9744:0520/222357.406:ERROR:browser_process_sub_thread.cc(217)] Waited 261 ms for network service
May 20, 2019 22:24:05.01 [11804:11852:0520/222404.998:ERROR:network_change_notifier_win.cc(156)] WSALookupServiceBegin failed with: 0
May 20, 2019 22:27:05.13 [11804:12924:0520/222705.126:ERROR:browser_process_sub_thread.cc(217)] Waited 226 ms for network service
May 20, 2019 22:27:10.29 [19396:14440:0520/222710.289:ERROR:network_change_notifier_win.cc(156)] WSALookupServiceBegin failed with: 0
May 20, 2019 22:28:07.56 [19396:7520:0520/222807.552:ERROR:browser_process_sub_thread.cc(217)] Waited 150 ms for network service
May 20, 2019 22:28:13.90 [1564:10620:0520/222813.905:ERROR:network_change_notifier_win.cc(156)] WSALookupServiceBegin failed with: 0
May 20, 2019 22:28:55.93 [1564:13688:0520/222855.921:ERROR:browser_process_sub_thread.cc(217)] Waited 190 ms for network service
May 20, 2019 22:29:02.52 [22016:19284:0520/222902.526:ERROR:network_change_notifier_win.cc(156)] WSALookupServiceBegin failed with: 0
May 20, 2019 22:30:43.98 [22016:19144:0520/223043.978:ERROR:browser_process_sub_thread.cc(217)] Waited 230 ms for network service
May 20, 2019 22:30:50.79 [22212:232:0520/223050.787:ERROR:network_change_notifier_win.cc(156)] WSALookupServiceBegin failed with: 0
May 20, 2019 22:33:46.88 [22212:22452:0520/223346.879:ERROR:browser_process_sub_thread.cc(217)] Waited 659 ms for network service

May 21, 2019 09:06:53.01 NEW SESSION
May 21, 2019 09:06:53.01 [12232:11304:0521/090652.991:ERROR:network_change_notifier_win.cc(156)] WSALookupServiceBegin failed with: 0
May 21, 2019 09:07:14.98 [12232:19024:0521/090714.987:ERROR:browser_process_sub_thread.cc(217)] Waited 329 ms for network service
May 21, 2019 09:07:19.61 [10856:1748:0521/090719.611:ERROR:network_change_notifier_win.cc(156)] WSALookupServiceBegin failed with: 0
May 21, 2019 09:20:18.72 [10856:21336:0521/092018.719:ERROR:browser_process_sub_thread.cc(217)] Waited 222 ms for network service
May 21, 2019 09:20:23.72 [15516:8636:0521/092023.727:ERROR:network_change_notifier_win.cc(156)] WSALookupServiceBegin failed with: 0
May 21, 2019 09:21:31.80 [15516:1236:0521/092131.808:ERROR:browser_process_sub_thread.cc(217)] Waited 225 ms for network service
May 21, 2019 09:21:35.86 [16760:12312:0521/092135.865:ERROR:network_change_notifier_win.cc(156)] WSALookupServiceBegin failed with: 0
May 21, 2019 09:21:48.02 [16760:9872:0521/092148.026:ERROR:browser_process_sub_thread.cc(217)] Waited 285 ms for network service
May 21, 2019 09:21:51.45 [6928:12240:0521/092151.443:ERROR:network_change_notifier_win.cc(156)] WSALookupServiceBegin failed with: 0
May 21, 2019 09:38:12.12 [6928:19872:0521/093812.122:ERROR:browser_process_sub_thread.cc(217)] Waited 1225 ms for network service
May 21, 2019 09:38:17.93 [14804:21540:0521/093817.925:ERROR:network_change_notifier_win.cc(156)] WSALookupServiceBegin failed with: 0
May 21, 2019 09:53:46.41 [14804:10156:0521/095346.413:ERROR:browser_process_sub_thread.cc(217)] Waited 133 ms for network service
May 21, 2019 09:53:51.42 [19228:22104:0521/095351.401:ERROR:network_change_notifier_win.cc(156)] WSALookupServiceBegin failed with: 0
May 21, 2019 09:54:15.18 [19228:15236:0521/095415.186:ERROR:browser_process_sub_thread.cc(217)] Waited 288 ms for network service
May 21, 2019 09:54:19.86 [16348:14780:0521/095419.853:ERROR:network_change_notifier_win.cc(156)] WSALookupServiceBegin failed with: 0
May 21, 2019 09:56:41.93 [16348:21052:0521/095641.924:ERROR:browser_process_sub_thread.cc(217)] Waited 220 ms for network service
May 21, 2019 09:56:47.83 [14012:11708:0521/095647.828:ERROR:network_change_notifier_win.cc(156)] WSALookupServiceBegin failed with: 0
May 21, 2019 09:57:09.90 [14012:19792:0521/095709.902:ERROR:browser_process_sub_thread.cc(217)] Waited 325 ms for network service
May 21, 2019 09:57:16.02 [11068:16012:0521/095716.019:ERROR:network_change_notifier_win.cc(156)] WSALookupServiceBegin failed with: 0
May 21, 2019 10:03:39.31 [11068:21088:0521/100339.315:ERROR:browser_process_sub_thread.cc(217)] Waited 245 ms for network service
May 21, 2019 10:03:43.21 [7536:12084:0521/100343.205:ERROR:network_change_notifier_win.cc(156)] WSALookupServiceBegin failed with: 0
May 21, 2019 10:06:51.61 [7536:18060:0521/100651.598:ERROR:browser_process_sub_thread.cc(217)] Waited 52 ms for network service
May 21, 2019 10:06:56.43 [13252:3560:0521/100656.438:ERROR:network_change_notifier_win.cc(156)] WSALookupServiceBegin failed with: 0
May 21, 2019 10:08:23.60 [13252:18860:0521/100823.556:ERROR:browser_process_sub_thread.cc(217)] Waited 202 ms for network service
May 21, 2019 10:08:28.53 [10668:6732:0521/100828.536:ERROR:network_change_notifier_win.cc(156)] WSALookupServiceBegin failed with: 0
May 21, 2019 10:16:27.71 [10668:14584:0521/101627.708:ERROR:browser_process_sub_thread.cc(217)] Waited 201 ms for network service
May 21, 2019 10:17:15.07 [12016:10432:0521/101715.070:ERROR:network_change_notifier_win.cc(156)] WSALookupServiceBegin failed with: 0
May 21, 2019 10:21:43.34 [12016:19404:0521/102143.346:ERROR:network_change_notifier_win.cc(156)] WSALookupServiceBegin failed with: 0
May 21, 2019 10:21:56.97 [12016:17396:0521/102156.942:ERROR:browser_process_sub_thread.cc(217)] Waited 289 ms for network service
May 21, 2019 10:30:59.78 [6020:16856:0521/103059.773:ERROR:gcm_channel_status_request.cc(151)] GCM channel request failed.
May 21, 2019 10:31:22.83 [6020:20304:0521/103122.822:ERROR:network_change_notifier_win.cc(156)] WSALookupServiceBegin failed with: 0
May 21, 2019 10:31:22.83 [6020:16856:0521/103122.822:ERROR:gcm_channel_status_request.cc(151)] GCM channel request failed.
May 21, 2019 10:31:23.83 [6020:20304:0521/103123.837:ERROR:network_change_notifier_win.cc(156)] WSALookupServiceBegin failed with: 0
May 21, 2019 11:23:34.89 [6020:13736:0521/112334.892:ERROR:browser_process_sub_thread.cc(217)] Waited 56 ms for network service
May 21, 2019 14:14:02.44 [7376:20076:0521/141402.416:ERROR:network_change_notifier_win.cc(156)] WSALookupServiceBegin failed with: 0
May 21, 2019 14:23:04.80 [7376:17284:0521/142304.760:ERROR:browser_process_sub_thread.cc(217)] Waited 274 ms for network service
May 21, 2019 14:23:20.65 [12532:14624:0521/142320.631:ERROR:network_change_notifier_win.cc(156)] WSALookupServiceBegin failed with: 0

May 21, 2019 17:17:03.70 NEW SESSION
May 21, 2019 17:17:03.70 [19876:13764:0521/171703.687:ERROR:browser_process_sub_thread.cc(217)] Waited 192 ms for network service
May 21, 2019 17:17:57.92 [21948:15324:0521/171757.919:ERROR:gcm_channel_status_request.cc(151)] GCM channel request failed.
May 21, 2019 17:18:23.11 [21948:15324:0521/171823.115:ERROR:gcm_channel_status_request.cc(151)] GCM channel request failed.
May 21, 2019 17:19:22.46 [21948:15324:0521/171922.446:ERROR:gcm_channel_status_request.cc(151)] GCM channel request failed.
May 21, 2019 17:20:59.76 [21948:15324:0521/172059.756:ERROR:gcm_channel_status_request.cc(151)] GCM channel request failed.
May 21, 2019 17:24:04.85 [21948:15324:0521/172404.856:ERROR:gcm_channel_status_request.cc(151)] GCM channel request failed.
May 21, 2019 17:26:07.79 [21948:11636:0521/172607.775:ERROR:browser_process_sub_thread.cc(217)] Waited 164 ms for network service
May 21, 2019 17:26:51.82 [10324:11324:0521/172651.789:ERROR:browser_process_sub_thread.cc(217)] Waited 214 ms for network service
May 21, 2019 17:36:25.83 [2160:13948:0521/173625.830:ERROR:gcm_channel_status_request.cc(151)] GCM channel request failed.
May 21, 2019 17:36:54.30 [2160:13948:0521/173654.302:ERROR:gcm_channel_status_request.cc(151)] GCM channel request failed.
May 21, 2019 17:37:45.52 [2160:13948:0521/173745.525:ERROR:gcm_channel_status_request.cc(151)] GCM channel request failed.
May 21, 2019 17:39:35.81 [2160:13948:0521/173935.786:ERROR:gcm_channel_status_request.cc(151)] GCM channel request failed.
May 21, 2019 17:42:17.56 [2160:13948:0521/174217.556:ERROR:gcm_channel_status_request.cc(151)] GCM channel request failed.
May 21, 2019 17:43:56.64 [2160:13688:0521/174356.565:ERROR:network_change_notifier_win.cc(156)] WSALookupServiceBegin failed with: 0
May 21, 2019 17:43:57.57 [2160:13688:0521/174357.569:ERROR:network_change_notifier_win.cc(156)] WSALookupServiceBegin failed with: 0
May 21, 2019 17:52:20.43 [2160:13688:0521/175220.426:ERROR:network_change_notifier_win.cc(156)] WSALookupServiceBegin failed with: 0
May 21, 2019 18:26:05.80 [2160:13688:0521/182605.777:ERROR:network_change_notifier_win.cc(156)] WSALookupServiceBegin failed with: 0
May 21, 2019 18:26:06.79 [2160:13688:0521/182606.792:ERROR:network_change_notifier_win.cc(156)] WSALookupServiceBegin failed with: 0
May 21, 2019 18:30:49.88 [2160:8124:0521/183049.885:ERROR:browser_process_sub_thread.cc(217)] Waited 36 ms for network service
May 21, 2019 18:42:00.09 [12464:14740:0521/184200.092:ERROR:network_change_notifier_win.cc(156)] WSALookupServiceBegin failed with: 0
May 21, 2019 18:48:34.16 [12464:14956:0521/184834.167:ERROR:browser_process_sub_thread.cc(217)] Waited 192 ms for network service
May 21, 2019 18:48:38.18 [21548:5228:0521/184838.166:ERROR:network_change_notifier_win.cc(156)] WSALookupServiceBegin failed with: 0
May 21, 2019 18:51:21.87 [21548:10636:0521/185121.872:ERROR:browser_process_sub_thread.cc(217)] Waited 123 ms for network service
May 21, 2019 18:51:25.70 [20552:19320:0521/185125.688:ERROR:network_change_notifier_win.cc(156)] WSALookupServiceBegin failed with: 0
May 21, 2019 18:51:50.90 [20552:21492:0521/185150.903:ERROR:browser_process_sub_thread.cc(217)] Waited 275 ms for network service
May 21, 2019 18:51:55.73 [10236:11800:0521/185155.730:ERROR:network_change_notifier_win.cc(156)] WSALookupServiceBegin failed with: 0
May 21, 2019 18:52:20.90 [10236:5004:0521/185220.907:ERROR:browser_process_sub_thread.cc(217)] Waited 240 ms for network service
May 21, 2019 18:52:26.80 [11848:8884:0521/185226.800:ERROR:network_change_notifier_win.cc(156)] WSALookupServiceBegin failed with: 0
May 21, 2019 19:01:36.31 [11848:13976:0521/190136.313:ERROR:browser_process_sub_thread.cc(217)] Waited 229 ms for network service

May 21, 2019 21:46:31.23 NEW SESSION
May 21, 2019 21:46:31.23 [17424:20652:0521/214631.230:ERROR:network_change_notifier_win.cc(156)] WSALookupServiceBegin failed with: 0
May 21, 2019 22:10:04.57 [17424:16264:0521/221004.573:ERROR:browser_process_sub_thread.cc(217)] Waited 192 ms for network service
May 21, 2019 22:10:11.21 [5872:8060:0521/221011.218:ERROR:network_change_notifier_win.cc(156)] WSALookupServiceBegin failed with: 0
May 21, 2019 22:10:40.98 [5872:1644:0521/221040.970:ERROR:browser_process_sub_thread.cc(217)] Waited 286 ms for network service
May 21, 2019 22:10:46.28 [16208:19188:0521/221046.265:ERROR:network_change_notifier_win.cc(156)] WSALookupServiceBegin failed with: 0
May 21, 2019 22:34:48.36 [16208:18760:0521/223448.353:ERROR:browser_process_sub_thread.cc(217)] Waited 186 ms for network service
May 21, 2019 22:34:54.88 [17300:7456:0521/223454.881:ERROR:network_change_notifier_win.cc(156)] WSALookupServiceBegin failed with: 0
May 21, 2019 22:38:42.38 [17300:12148:0521/223842.387:ERROR:browser_process_sub_thread.cc(217)] Waited 174 ms for network service
May 21, 2019 22:38:59.01 [2620:796:0521/223859.002:ERROR:network_change_notifier_win.cc(156)] WSALookupServiceBegin failed with: 0
May 21, 2019 22:52:51.45 [2620:16928:0521/225251.451:ERROR:browser_process_sub_thread.cc(217)] Waited 200 ms for network service
May 21, 2019 22:52:56.42 [19812:12168:0521/225256.415:ERROR:network_change_notifier_win.cc(156)] WSALookupServiceBegin failed with: 0
May 21, 2019 22:53:21.89 [19812:19084:0521/225321.887:ERROR:browser_process_sub_thread.cc(217)] Waited 290 ms for network service
May 21, 2019 22:53:26.27 [20556:20516:0521/225326.264:ERROR:network_change_notifier_win.cc(156)] WSALookupServiceBegin failed with: 0
May 21, 2019 22:54:02.39 [20556:6328:0521/225402.381:ERROR:browser_process_sub_thread.cc(217)] Waited 192 ms for network service
May 21, 2019 22:54:08.33 [16812:7904:0521/225408.322:ERROR:network_change_notifier_win.cc(156)] WSALookupServiceBegin failed with: 0
May 21, 2019 22:54:38.79 [16812:16392:0521/225438.789:ERROR:browser_process_sub_thread.cc(217)] Waited 276 ms for network service
May 21, 2019 22:54:43.78 [11136:11672:0521/225443.776:ERROR:network_change_notifier_win.cc(156)] WSALookupServiceBegin failed with: 0
May 21, 2019 23:00:20.44 [11136:6668:0521/230020.438:ERROR:browser_process_sub_thread.cc(217)] Waited 235 ms for network service
May 21, 2019 23:00:25.03 [12944:19236:0521/230025.033:ERROR:network_change_notifier_win.cc(156)] WSALookupServiceBegin failed with: 0
May 21, 2019 23:01:29.52 [12944:1920:0521/230129.522:ERROR:browser_process_sub_thread.cc(217)] Waited 187 ms for network service
May 21, 2019 23:01:34.27 [13004:21792:0521/230134.275:ERROR:network_change_notifier_win.cc(156)] WSALookupServiceBegin failed with: 0
May 21, 2019 23:13:04.16 [13004:6204:0521/231304.158:ERROR:browser_process_sub_thread.cc(217)] Waited 299 ms for network service
May 21, 2019 23:13:13.68 [16440:12312:0521/231313.663:ERROR:network_change_notifier_win.cc(156)] WSALookupServiceBegin failed with: 0
May 21, 2019 23:15:00.91 [16440:14816:0521/231500.906:ERROR:browser_process_sub_thread.cc(217)] Waited 238 ms for network service
May 21, 2019 23:15:05.45 [18152:19072:0521/231505.450:ERROR:network_change_notifier_win.cc(156)] WSALookupServiceBegin failed with: 0
May 21, 2019 23:27:04.63 [18152:21616:0521/232704.627:ERROR:browser_process_sub_thread.cc(217)] Waited 204 ms for network service
May 21, 2019 23:27:23.51 [10920:6716:0521/232723.495:ERROR:network_change_notifier_win.cc(156)] WSALookupServiceBegin failed with: 0
May 21, 2019 23:33:47.38 [10920:22488:0521/233347.374:ERROR:browser_process_sub_thread.cc(217)] Waited 183 ms for network service
May 21, 2019 23:33:53.25 [1252:20824:0521/233353.235:ERROR:network_change_notifier_win.cc(156)] WSALookupServiceBegin failed with: 0
May 21, 2019 23:46:12.49 [1252:20444:0521/234612.489:ERROR:browser_process_sub_thread.cc(217)] Waited 215 ms for network service
May 21, 2019 23:46:22.62 [14844:14260:0521/234622.610:ERROR:network_change_notifier_win.cc(156)] WSALookupServiceBegin failed with: 0
May 21, 2019 23:47:10.16 [14844:352:0521/234710.166:ERROR:browser_process_sub_thread.cc(217)] Waited 146 ms for network service
May 21, 2019 23:47:14.87 [20600:5856:0521/234714.866:ERROR:network_change_notifier_win.cc(156)] WSALookupServiceBegin failed with: 0
May 21, 2019 23:48:32.92 [20600:15404:0521/234832.916:ERROR:browser_process_sub_thread.cc(217)] Waited 333 ms for network service
May 21, 2019 23:48:38.06 [12432:3288:0521/234838.050:ERROR:network_change_notifier_win.cc(156)] WSALookupServiceBegin failed with: 0
May 21, 2019 23:48:46.80 [12432:4772:0521/234846.772:ERROR:browser_process_sub_thread.cc(217)] Waited 338 ms for network service

May 22, 2019 09:19:10.63 NEW SESSION
May 22, 2019 09:19:10.63 [11844:9580:0522/091910.588:ERROR:network_change_notifier_win.cc(156)] WSALookupServiceBegin failed with: 0
May 22, 2019 09:20:43.04 [11844:18372:0522/092043.036:ERROR:browser_process_sub_thread.cc(217)] Waited 211 ms for network service
May 22, 2019 09:20:53.67 [14552:248:0522/092053.664:ERROR:network_change_notifier_win.cc(156)] WSALookupServiceBegin failed with: 0

May 22, 2019 12:14:49.46 NEW SESSION
May 22, 2019 12:14:49.46 [5652:14192:0522/121449.448:ERROR:network_change_notifier_win.cc(156)] WSALookupServiceBegin failed with: 0
May 22, 2019 12:16:46.40 [5652:17736:0522/121646.409:ERROR:browser_process_sub_thread.cc(217)] Waited 78 ms for network service
May 22, 2019 12:16:52.90 [17808:12368:0522/121652.907:ERROR:network_change_notifier_win.cc(156)] WSALookupServiceBegin failed with: 0
May 22, 2019 12:21:23.65 [17808:19364:0522/122123.653:ERROR:browser_process_sub_thread.cc(217)] Waited 89 ms for network service
May 22, 2019 12:21:27.90 [11072:12936:0522/122127.908:ERROR:network_change_notifier_win.cc(156)] WSALookupServiceBegin failed with: 0
May 22, 2019 12:21:38.98 [11072:13584:0522/122138.972:ERROR:browser_process_sub_thread.cc(217)] Waited 187 ms for network service
May 22, 2019 12:21:45.60 [21920:1508:0522/122145.602:ERROR:network_change_notifier_win.cc(156)] WSALookupServiceBegin failed with: 0
May 22, 2019 12:26:12.68 [21920:7616:0522/122612.671:ERROR:browser_process_sub_thread.cc(217)] Waited 178 ms for network service
May 22, 2019 12:26:36.09 [5988:9624:0522/122636.098:ERROR:network_change_notifier_win.cc(156)] WSALookupServiceBegin failed with: 0
May 22, 2019 12:37:03.58 [5988:18500:0522/123703.565:ERROR:browser_process_sub_thread.cc(217)] Waited 217 ms for network service
May 22, 2019 12:37:22.15 [15140:17328:0522/123722.138:ERROR:network_change_notifier_win.cc(156)] WSALookupServiceBegin failed with: 0
May 22, 2019 12:38:27.13 [15140:1408:0522/123827.131:ERROR:browser_process_sub_thread.cc(217)] Waited 250 ms for network service
May 22, 2019 12:38:37.97 [4660:7140:0522/123837.957:ERROR:network_change_notifier_win.cc(156)] WSALookupServiceBegin failed with: 0
May 22, 2019 12:39:54.16 [4660:21524:0522/123954.153:ERROR:browser_process_sub_thread.cc(217)] Waited 216 ms for network service
May 22, 2019 12:40:10.49 [4376:16312:0522/124010.492:ERROR:network_change_notifier_win.cc(156)] WSALookupServiceBegin failed with: 0
May 22, 2019 13:26:06.31 [4376:2508:0522/132606.313:ERROR:network_change_notifier_win.cc(156)] WSALookupServiceBegin failed with: 0
May 22, 2019 13:49:08.36 [4376:2508:0522/134908.369:ERROR:network_change_notifier_win.cc(156)] WSALookupServiceBegin failed with: 0
May 22, 2019 13:49:09.38 [4376:2508:0522/134909.385:ERROR:network_change_notifier_win.cc(156)] WSALookupServiceBegin failed with: 0
May 22, 2019 13:49:25.97 [4376:21892:0522/134925.978:ERROR:browser_process_sub_thread.cc(217)] Waited 47 ms for network service
May 22, 2019 13:50:39.64 [21512:21632:0522/135039.648:ERROR:network_change_notifier_win.cc(156)] WSALookupServiceBegin failed with: 0
May 22, 2019 13:50:48.53 [21512:16680:0522/135048.520:ERROR:browser_process_sub_thread.cc(217)] Waited 319 ms for network service
May 22, 2019 13:51:25.35 [21264:20672:0522/135125.355:ERROR:network_change_notifier_win.cc(156)] WSALookupServiceBegin failed with: 0
May 22, 2019 14:09:26.46 [21264:17468:0522/140926.450:ERROR:browser_process_sub_thread.cc(217)] Waited 37 ms for network service
May 22, 2019 14:09:52.34 [1744:21180:0522/140952.328:ERROR:network_change_notifier_win.cc(156)] WSALookupServiceBegin failed with: 0
May 22, 2019 14:11:00.37 [1744:8568:0522/141100.371:ERROR:browser_process_sub_thread.cc(217)] Waited 154 ms for network service

May 22, 2019 17:12:34.49 NEW SESSION
May 22, 2019 17:12:34.49 [21324:14488:0522/171234.486:ERROR:network_change_notifier_win.cc(156)] WSALookupServiceBegin failed with: 0
May 22, 2019 17:12:41.23 [21324:19948:0522/171241.184:ERROR:browser_process_sub_thread.cc(217)] Waited 348 ms for network service
May 22, 2019 17:12:46.81 [20488:19760:0522/171246.811:ERROR:network_change_notifier_win.cc(156)] WSALookupServiceBegin failed with: 0
May 22, 2019 17:31:43.31 [20488:19164:0522/173143.313:ERROR:browser_process_sub_thread.cc(217)] Waited 40 ms for network service

May 22, 2019 22:06:47.24 NEW SESSION
May 22, 2019 22:06:47.24 [11516:20596:0522/220647.227:ERROR:network_change_notifier_win.cc(156)] WSALookupServiceBegin failed with: 0
May 22, 2019 22:08:15.97 [11516:9840:0522/220815.963:ERROR:browser_process_sub_thread.cc(217)] Waited 257 ms for network service
May 22, 2019 22:08:30.94 [14604:22340:0522/220830.934:ERROR:network_change_notifier_win.cc(156)] WSALookupServiceBegin failed with: 0
May 22, 2019 22:22:40.29 [14604:22340:0522/222240.275:ERROR:gcm_channel_status_request.cc(151)] GCM channel request failed.
May 22, 2019 22:23:15.84 [14604:22340:0522/222315.845:ERROR:gcm_channel_status_request.cc(151)] GCM channel request failed.
May 22, 2019 22:24:08.81 [14604:22340:0522/222408.818:ERROR:gcm_channel_status_request.cc(151)] GCM channel request failed.
May 22, 2019 22:25:41.70 [14604:22340:0522/222541.702:ERROR:gcm_channel_status_request.cc(151)] GCM channel request failed.
May 22, 2019 22:27:28.29 [14604:14280:0522/222728.296:ERROR:browser_process_sub_thread.cc(217)] Waited 147 ms for network service
May 22, 2019 22:28:10.45 [21308:13404:0522/222810.456:ERROR:network_change_notifier_win.cc(156)] WSALookupServiceBegin failed with: 0
May 22, 2019 22:28:23.57 [21308:13404:0522/222823.577:ERROR:gcm_channel_status_request.cc(151)] GCM channel request failed.
May 22, 2019 22:28:45.69 [21308:13404:0522/222845.699:ERROR:gcm_channel_status_request.cc(151)] GCM channel request failed.
May 22, 2019 22:29:51.29 [21308:13404:0522/222951.292:ERROR:gcm_channel_status_request.cc(151)] GCM channel request failed.
May 22, 2019 22:30:36.68 [21308:1184:0522/223036.666:ERROR:browser_process_sub_thread.cc(217)] Waited 254 ms for network service
May 22, 2019 22:30:48.12 [22468:14524:0522/223048.110:ERROR:network_change_notifier_win.cc(156)] WSALookupServiceBegin failed with: 0
May 22, 2019 22:36:30.36 [22468:14524:0522/223630.365:ERROR:gcm_channel_status_request.cc(151)] GCM channel request failed.
May 22, 2019 22:37:01.20 [22468:14524:0522/223701.201:ERROR:gcm_channel_status_request.cc(151)] GCM channel request failed.
May 22, 2019 22:38:05.44 [22468:14524:0522/223805.410:ERROR:gcm_channel_status_request.cc(151)] GCM channel request failed.
May 22, 2019 22:39:43.31 [22468:14524:0522/223943.318:ERROR:gcm_channel_status_request.cc(151)] GCM channel request failed.
May 22, 2019 22:43:35.86 [22468:14524:0522/224335.867:ERROR:gcm_channel_status_request.cc(151)] GCM channel request failed.
May 22, 2019 22:51:00.71 [22468:14524:0522/225100.719:ERROR:gcm_channel_status_request.cc(151)] GCM channel request failed.
May 22, 2019 23:01:11.87 [22468:14524:0522/230111.878:ERROR:gcm_channel_status_request.cc(151)] GCM channel request failed.

May 22, 2019 23:04:39.98 NEW SESSION
May 22, 2019 23:04:39.98 [9592:15120:0522/230439.967:ERROR:network_change_notifier_win.cc(156)] WSALookupServiceBegin failed with: 0
May 22, 2019 23:06:25.12 [9592:15120:0522/230625.107:ERROR:gcm_channel_status_request.cc(151)] GCM channel request failed.
May 22, 2019 23:07:04.38 [9592:15120:0522/230704.367:ERROR:gcm_channel_status_request.cc(151)] GCM channel request failed.
May 22, 2019 23:07:47.38 [9592:15120:0522/230747.373:ERROR:gcm_channel_status_request.cc(151)] GCM channel request failed.
May 22, 2019 23:09:35.54 [9592:15120:0522/230935.515:ERROR:gcm_channel_status_request.cc(151)] GCM channel request failed.
May 22, 2019 23:12:33.69 [9592:15120:0522/231233.686:ERROR:gcm_channel_status_request.cc(151)] GCM channel request failed.
May 22, 2019 23:20:22.10 [9592:15120:0522/232022.099:ERROR:gcm_channel_status_request.cc(151)] GCM channel request failed.
May 22, 2019 23:30:22.10 [9592:15120:0522/233022.100:ERROR:gcm_channel_status_request.cc(151)] GCM channel request failed.
May 22, 2019 23:30:57.15 [9592:11304:0522/233057.152:ERROR:browser_process_sub_thread.cc(217)] Waited 111 ms for network service

May 23, 2019 10:22:48.70 NEW SESSION
May 23, 2019 10:22:48.70 [19320:8140:0523/102248.682:ERROR:network_change_notifier_win.cc(156)] WSALookupServiceBegin failed with: 0
May 23, 2019 10:45:29.21 [19320:19244:0523/104529.167:ERROR:browser_process_sub_thread.cc(217)] Waited 76 ms for network service
May 23, 2019 11:57:05.15 [3944:9792:0523/115705.134:ERROR:network_change_notifier_win.cc(156)] WSALookupServiceBegin failed with: 0
May 23, 2019 12:17:39.16 [3944:16584:0523/121739.161:ERROR:browser_process_sub_thread.cc(217)] Waited 86 ms for network service
May 23, 2019 12:17:58.09 [19324:18800:0523/121758.097:ERROR:network_change_notifier_win.cc(156)] WSALookupServiceBegin failed with: 0
May 23, 2019 12:19:18.43 [19324:18424:0523/121918.356:ERROR:network_change_notifier_win.cc(156)] WSALookupServiceBegin failed with: 0
May 23, 2019 12:19:19.36 [19324:18424:0523/121919.360:ERROR:network_change_notifier_win.cc(156)] WSALookupServiceBegin failed with: 0
May 23, 2019 12:24:04.03 [19324:18880:0523/122404.037:ERROR:component_installer.cc(125)] Move failed.: Access is denied. (0x5)
May 23, 2019 12:24:37.65 [19324:18424:0523/122437.581:ERROR:network_change_notifier_win.cc(156)] WSALookupServiceBegin failed with: 0
May 23, 2019 12:37:04.97 [19324:15292:0523/123704.923:ERROR:browser_process_sub_thread.cc(217)] Waited 194 ms for network service
May 23, 2019 12:37:22.70 [12860:9704:0523/123722.705:ERROR:browser_process_sub_thread.cc(217)] Waited 318 ms for network service
May 23, 2019 12:38:00.68 [12576:4856:0523/123800.656:ERROR:browser_process_sub_thread.cc(217)] Waited 194 ms for network service

May 23, 2019 12:39:18.67 NEW SESSION
May 23, 2019 12:39:18.67 [13988:20568:0523/123918.665:ERROR:browser_process_sub_thread.cc(217)] Waited 226 ms for network service
May 23, 2019 12:40:53.84 [3216:10396:0523/124053.841:ERROR:browser_process_sub_thread.cc(217)] Waited 178 ms for network service
May 23, 2019 12:43:19.54 [14456:14400:0523/124319.513:ERROR:gcm_channel_status_request.cc(151)] GCM channel request failed.
May 23, 2019 12:43:39.85 [14456:15524:0523/124339.856:ERROR:network_change_notifier_win.cc(156)] WSALookupServiceBegin failed with: 0
May 23, 2019 12:43:40.85 [14456:15524:0523/124340.858:ERROR:network_change_notifier_win.cc(156)] WSALookupServiceBegin failed with: 0
May 23, 2019 12:43:42.44 [14456:17308:0523/124342.448:ERROR:browser_process_sub_thread.cc(217)] Waited 165 ms for network service

May 23, 2019 12:44:34.82 NEW SESSION
May 23, 2019 12:44:34.82 [12904:17776:0523/124434.813:ERROR:network_change_notifier_win.cc(156)] WSALookupServiceBegin failed with: 0
May 23, 2019 12:45:43.19 [12904:11084:0523/124543.190:ERROR:network_change_notifier_win.cc(156)] WSALookupServiceBegin failed with: 0
May 23, 2019 12:45:49.89 [12904:11084:0523/124549.852:ERROR:network_change_notifier_win.cc(156)] WSALookupServiceBegin failed with: 0
May 23, 2019 12:45:50.90 [12904:11084:0523/124550.856:ERROR:network_change_notifier_win.cc(156)] WSALookupServiceBegin failed with: 0
May 23, 2019 12:51:09.91 [12904:11084:0523/125109.846:ERROR:network_change_notifier_win.cc(156)] WSALookupServiceBegin failed with: 0
May 23, 2019 12:51:28.85 [12904:11084:0523/125128.818:ERROR:network_change_notifier_win.cc(156)] WSALookupServiceBegin failed with: 0
May 23, 2019 12:51:29.83 [12904:11084:0523/125129.836:ERROR:network_change_notifier_win.cc(156)] WSALookupServiceBegin failed with: 0
May 23, 2019 12:56:24.03 [12904:11084:0523/125624.030:ERROR:network_change_notifier_win.cc(156)] WSALookupServiceBegin failed with: 0
May 23, 2019 13:04:06.90 [12904:21592:0523/130406.852:ERROR:browser_process_sub_thread.cc(217)] Waited 152 ms for network service
May 23, 2019 13:11:12.29 [6392:5556:0523/131112.289:ERROR:network_change_notifier_win.cc(156)] WSALookupServiceBegin failed with: 0
May 23, 2019 13:11:13.29 [6392:5556:0523/131113.295:ERROR:network_change_notifier_win.cc(156)] WSALookupServiceBegin failed with: 0
May 23, 2019 13:26:57.41 [6392:5556:0523/132657.413:ERROR:network_change_notifier_win.cc(156)] WSALookupServiceBegin failed with: 0
May 23, 2019 13:32:35.30 [6392:5556:0523/133235.285:ERROR:network_change_notifier_win.cc(156)] WSALookupServiceBegin failed with: 0
May 23, 2019 13:32:36.31 [6392:5556:0523/133236.314:ERROR:network_change_notifier_win.cc(156)] WSALookupServiceBegin failed with: 0
May 23, 2019 13:54:13.45 [6392:20536:0523/135413.452:ERROR:browser_process_sub_thread.cc(217)] Waited 183 ms for network service
May 23, 2019 13:54:21.13 [16932:8896:0523/135421.138:ERROR:network_change_notifier_win.cc(156)] WSALookupServiceBegin failed with: 0
May 23, 2019 13:54:31.75 [16932:9048:0523/135431.742:ERROR:browser_process_sub_thread.cc(217)] Waited 355 ms for network service
May 23, 2019 13:54:36.50 [9728:14244:0523/135436.507:ERROR:network_change_notifier_win.cc(156)] WSALookupServiceBegin failed with: 0
May 23, 2019 13:55:13.28 [9728:12672:0523/135513.283:ERROR:browser_process_sub_thread.cc(217)] Waited 106 ms for network service

May 23, 2019 13:56:29.60 NEW SESSION
May 23, 2019 13:56:29.60 [9280:15144:0523/135629.591:ERROR:network_change_notifier_win.cc(156)] WSALookupServiceBegin failed with: 0
May 23, 2019 14:04:40.97 [9280:14104:0523/140440.978:ERROR:browser_process_sub_thread.cc(217)] Waited 83 ms for network service
May 23, 2019 14:05:28.04 [14092:18872:0523/140528.043:ERROR:network_change_notifier_win.cc(156)] WSALookupServiceBegin failed with: 0
May 23, 2019 14:06:54.35 [14092:13780:0523/140654.351:ERROR:browser_process_sub_thread.cc(217)] Waited 649 ms for network service
May 23, 2019 14:06:59.59 [14076:13608:0523/140659.559:ERROR:network_change_notifier_win.cc(156)] WSALookupServiceBegin failed with: 0
May 23, 2019 14:23:31.51 [14076:11064:0523/142331.511:ERROR:browser_process_sub_thread.cc(217)] Waited 280 ms for network service
May 23, 2019 14:23:39.27 [19880:18804:0523/142339.261:ERROR:network_change_notifier_win.cc(156)] WSALookupServiceBegin failed with: 0
May 23, 2019 14:25:04.39 [19880:12144:0523/142504.389:ERROR:browser_process_sub_thread.cc(217)] Waited 135 ms for network service
May 23, 2019 14:35:56.01 [7236:12884:0523/143555.921:ERROR:network_change_notifier_win.cc(156)] WSALookupServiceBegin failed with: 0
May 23, 2019 14:35:56.92 [7236:12884:0523/143556.923:ERROR:network_change_notifier_win.cc(156)] WSALookupServiceBegin failed with: 0
May 23, 2019 14:43:29.34 [7236:15456:0523/144329.344:ERROR:browser_process_sub_thread.cc(217)] Waited 243 ms for network service
May 23, 2019 14:43:44.54 [9228:3716:0523/144344.542:ERROR:network_change_notifier_win.cc(156)] WSALookupServiceBegin failed with: 0
May 23, 2019 14:43:58.06 [9228:20872:0523/144358.062:ERROR:browser_process_sub_thread.cc(217)] Waited 311 ms for network service

May 23, 2019 14:44:46.28 NEW SESSION
May 23, 2019 14:44:46.28 [12860:812:0523/144446.266:ERROR:network_change_notifier_win.cc(156)] WSALookupServiceBegin failed with: 0
May 23, 2019 14:48:09.57 [12860:18908:0523/144809.531:ERROR:browser_process_sub_thread.cc(217)] Waited 316 ms for network service
May 23, 2019 14:48:14.21 [6204:11116:0523/144814.207:ERROR:network_change_notifier_win.cc(156)] WSALookupServiceBegin failed with: 0
May 23, 2019 14:51:27.42 [6204:11972:0523/145127.419:ERROR:network_change_notifier_win.cc(156)] WSALookupServiceBegin failed with: 0
May 23, 2019 15:23:18.38 [6204:11116:0523/152318.381:ERROR:gcm_channel_status_request.cc(151)] GCM channel request failed.
May 23, 2019 15:23:42.40 [6204:11116:0523/152342.402:ERROR:gcm_channel_status_request.cc(151)] GCM channel request failed.
May 23, 2019 15:24:22.62 [6204:11116:0523/152422.628:ERROR:gcm_channel_status_request.cc(151)] GCM channel request failed.
May 23, 2019 15:26:21.30 [6204:11116:0523/152621.303:ERROR:gcm_channel_status_request.cc(151)] GCM channel request failed.
May 23, 2019 15:29:24.90 [6204:11116:0523/152924.872:ERROR:gcm_channel_status_request.cc(151)] GCM channel request failed.
May 23, 2019 15:36:02.18 [6204:11116:0523/153602.170:ERROR:gcm_channel_status_request.cc(151)] GCM channel request failed.
May 23, 2019 15:46:02.19 [6204:11116:0523/154602.177:ERROR:gcm_channel_status_request.cc(151)] GCM channel request failed.
May 23, 2019 15:50:13.37 [6204:6808:0523/155013.336:ERROR:browser_process_sub_thread.cc(217)] Waited 185 ms for network service
May 23, 2019 19:04:48.90 [5360:17064:0523/190448.904:ERROR:browser_process_sub_thread.cc(217)] Waited 99 ms for network service
May 23, 2019 19:05:09.76 [19668:8692:0523/190509.760:ERROR:browser_process_sub_thread.cc(217)] Waited 220 ms for network service
May 23, 2019 19:05:22.68 [11708:14316:0523/190522.671:ERROR:network_change_notifier_win.cc(156)] WSALookupServiceBegin failed with: 0
May 23, 2019 19:09:54.08 [11708:20428:0523/190954.082:ERROR:browser_process_sub_thread.cc(217)] Waited 137 ms for network service

May 23, 2019 20:55:09.79 NEW SESSION
May 23, 2019 20:55:09.79 [18620:16332:0523/205509.755:ERROR:network_change_notifier_win.cc(156)] WSALookupServiceBegin failed with: 0
May 23, 2019 21:01:44.16 [18620:14932:0523/210144.142:ERROR:component_installer.cc(125)] Move failed.: Access is denied. (0x5)
May 23, 2019 21:07:57.04 [18620:20556:0523/210757.035:ERROR:browser_process_sub_thread.cc(217)] Waited 176 ms for network service
May 23, 2019 21:16:30.49 [21228:9736:0523/211630.487:ERROR:network_change_notifier_win.cc(156)] WSALookupServiceBegin failed with: 0
May 23, 2019 21:22:40.24 [21228:3204:0523/212240.245:ERROR:component_installer.cc(125)] Move failed.: Access is denied. (0x5)
May 23, 2019 21:26:25.77 [21228:9460:0523/212625.772:ERROR:browser_process_sub_thread.cc(217)] Waited 253 ms for network service
May 23, 2019 21:26:38.82 [4808:11268:0523/212638.806:ERROR:network_change_notifier_win.cc(156)] WSALookupServiceBegin failed with: 0
May 23, 2019 21:30:11.70 [4808:18528:0523/213011.678:ERROR:browser_process_sub_thread.cc(217)] Waited 266 ms for network service
May 23, 2019 21:30:19.09 [13716:19372:0523/213019.088:ERROR:network_change_notifier_win.cc(156)] WSALookupServiceBegin failed with: 0
May 23, 2019 22:14:55.65 [13716:18908:0523/221455.609:ERROR:browser_process_sub_thread.cc(217)] Waited 156 ms for network service
May 23, 2019 22:15:11.48 [15424:13112:0523/221511.465:ERROR:network_change_notifier_win.cc(156)] WSALookupServiceBegin failed with: 0
May 23, 2019 22:21:21.42 [15424:20544:0523/222121.424:ERROR:component_installer.cc(125)] Move failed.: Access is denied. (0x5)
May 23, 2019 22:35:18.15 [15424:15288:0523/223518.103:ERROR:browser_process_sub_thread.cc(217)] Waited 205 ms for network service
May 23, 2019 22:41:15.85 [18240:19112:0523/224115.834:ERROR:network_change_notifier_win.cc(156)] WSALookupServiceBegin failed with: 0
May 23, 2019 22:47:25.75 [18240:16148:0523/224725.756:ERROR:component_installer.cc(125)] Move failed.: Access is denied. (0x5)
May 23, 2019 22:52:27.11 [18240:20972:0523/225227.081:ERROR:browser_process_sub_thread.cc(217)] Waited 266 ms for network service
May 23, 2019 22:52:54.82 [14484:5592:0523/225254.821:ERROR:network_change_notifier_win.cc(156)] WSALookupServiceBegin failed with: 0
May 23, 2019 22:59:04.66 [14484:13992:0523/225904.660:ERROR:component_installer.cc(125)] Move failed.: Access is denied. (0x5)
May 23, 2019 23:12:35.76 [14484:11536:0523/231235.723:ERROR:browser_process_sub_thread.cc(217)] Waited 207 ms for network service
May 23, 2019 23:13:16.60 [9860:18784:0523/231316.585:ERROR:network_change_notifier_win.cc(156)] WSALookupServiceBegin failed with: 0
May 23, 2019 23:19:27.32 [9860:20212:0523/231927.317:ERROR:component_installer.cc(125)] Move failed.: Access is denied. (0x5)
May 24, 2019 24:03:48.88 [9860:11856:0524/000348.881:ERROR:browser_process_sub_thread.cc(217)] Waited 219 ms for network service

May 24, 2019 09:45:42.87 NEW SESSION
May 24, 2019 09:45:42.87 [20416:1876:0524/094542.847:ERROR:network_change_notifier_win.cc(156)] WSALookupServiceBegin failed with: 0
May 24, 2019 09:46:22.15 [20416:7600:0524/094622.159:ERROR:browser_process_sub_thread.cc(217)] Waited 105 ms for network service

May 24, 2019 09:47:22.90 NEW SESSION
May 24, 2019 09:47:22.90 [12924:17732:0524/094722.898:ERROR:network_change_notifier_win.cc(156)] WSALookupServiceBegin failed with: 0
May 24, 2019 09:50:03.17 [12924:1272:0524/095003.176:ERROR:browser_process_sub_thread.cc(217)] Waited 249 ms for network service
May 24, 2019 09:50:16.93 [17372:16408:0524/095016.934:ERROR:network_change_notifier_win.cc(156)] WSALookupServiceBegin failed with: 0
May 24, 2019 10:02:34.40 [17372:16320:0524/100234.406:ERROR:browser_process_sub_thread.cc(217)] Waited 33 ms for network service
May 24, 2019 12:32:28.78 [2188:7328:0524/123228.773:ERROR:network_change_notifier_win.cc(156)] WSALookupServiceBegin failed with: 0
May 24, 2019 13:22:28.66 [2188:18676:0524/132228.664:ERROR:network_change_notifier_win.cc(156)] WSALookupServiceBegin failed with: 0
May 24, 2019 13:46:38.39 [2188:18676:0524/134638.391:ERROR:network_change_notifier_win.cc(156)] WSALookupServiceBegin failed with: 0
May 24, 2019 13:46:39.39 [2188:18676:0524/134639.391:ERROR:network_change_notifier_win.cc(156)] WSALookupServiceBegin failed with: 0
May 24, 2019 14:31:24.10 [2188:19292:0524/143124.105:ERROR:browser_process_sub_thread.cc(217)] Waited 231 ms for network service
May 24, 2019 14:31:40.32 [21532:20500:0524/143140.326:ERROR:network_change_notifier_win.cc(156)] WSALookupServiceBegin failed with: 0
May 24, 2019 14:34:36.46 [21532:8156:0524/143436.454:ERROR:network_change_notifier_win.cc(156)] WSALookupServiceBegin failed with: 0
May 24, 2019 14:34:37.45 [21532:8156:0524/143437.456:ERROR:network_change_notifier_win.cc(156)] WSALookupServiceBegin failed with: 0
